<?xml version="1.0" encoding="UTF-8"?>
<Site BuildName="Linux-clang++"
	BuildStamp="20220413-0918-Experimental"
	Name="arch"
	Generator="ctest-3.23.0"
	CompilerName="/usr/bin/clang++"
	CompilerVersion="13.0.1"
	OSName="Linux"
	Hostname="arch"
	OSRelease="5.17.1-arch1-1"
	OSVersion="#1 SMP PREEMPT Mon, 28 Mar 2022 20:55:33 +0000"
	OSPlatform="x86_64"
	Is64Bits="1"
	VendorString="AuthenticAMD"
	VendorID="Advanced Micro Devices"
	FamilyID="21"
	ModelID="2"
	ProcessorCacheSize="2048"
	NumberOfLogicalCPU="8"
	NumberOfPhysicalCPU="4"
	TotalVirtualMemory="1907"
	TotalPhysicalMemory="15900"
	LogicalProcessorsPerPhysical="2"
	ProcessorClockFrequency="4000"
	>
	<Testing>
		<StartDateTime>Apr 13 11:18 CEST</StartDateTime>
		<StartTestTime>1649841493</StartTestTime>
		<TestList/>
		<EndDateTime>Apr 13 11:18 CEST</EndDateTime>
		<EndTestTime>1649841493</EndTestTime>
		<ElapsedMinutes>0</ElapsedMinutes>
	</Testing>
</Site>
